2022-04-11 11:11:45,173 INFO o.a.j.u.JMeterUtils: Setting Locale to en_EN
2022-04-11 11:11:45,189 INFO o.a.j.JMeter: Loading user properties from: user.properties
2022-04-11 11:11:45,189 INFO o.a.j.JMeter: Loading system properties from: system.properties
2022-04-11 11:11:45,204 INFO o.a.j.JMeter: Copyright (c) 1998-2021 The Apache Software Foundation
2022-04-11 11:11:45,204 INFO o.a.j.JMeter: Version 5.4.3
2022-04-11 11:11:45,204 INFO o.a.j.JMeter: java.version=18
2022-04-11 11:11:45,204 INFO o.a.j.JMeter: java.vm.name=Java HotSpot(TM) 64-Bit Server VM
2022-04-11 11:11:45,204 INFO o.a.j.JMeter: os.name=Windows 10
2022-04-11 11:11:45,204 INFO o.a.j.JMeter: os.arch=amd64
2022-04-11 11:11:45,204 INFO o.a.j.JMeter: os.version=10.0
2022-04-11 11:11:45,204 INFO o.a.j.JMeter: file.encoding=UTF-8
2022-04-11 11:11:45,204 INFO o.a.j.JMeter: java.awt.headless=null
2022-04-11 11:11:45,204 INFO o.a.j.JMeter: Max memory     =1073741824
2022-04-11 11:11:45,204 INFO o.a.j.JMeter: Available Processors =4
2022-04-11 11:11:45,204 INFO o.a.j.JMeter: Default Locale=English (EN)
2022-04-11 11:11:45,204 INFO o.a.j.JMeter: JMeter  Locale=English (EN)
2022-04-11 11:11:45,204 INFO o.a.j.JMeter: JMeterHome=C:\Users\vasav\Desktop\JMeter\apache-jmeter-5.4.3
2022-04-11 11:11:45,204 INFO o.a.j.JMeter: user.dir  =C:\Users\vasav\Desktop\JMeter\apache-jmeter-5.4.3\bin
2022-04-11 11:11:45,204 INFO o.a.j.JMeter: PWD       =C:\Users\vasav\Desktop\JMeter\apache-jmeter-5.4.3\bin
2022-04-11 11:11:49,738 INFO o.a.j.JMeter: IP: 192.168.56.1 Name: Parameswari FullName: Parameswari
2022-04-11 11:11:49,863 INFO o.a.j.JMeter: Setting LAF to: laf:com.sun.java.swing.plaf.windows.WindowsClassicLookAndFeel
2022-04-11 11:11:49,981 INFO o.a.j.JMeter: Loaded icon properties from org/apache/jmeter/images/icon.properties
2022-04-11 11:11:52,144 INFO o.j.r.JARSourceHTTP: Found cached repo
2022-04-11 11:11:52,316 INFO o.j.r.PluginManager: Plugins Status: [jpgc-casutg=2.10, jpgc-lockfile=0.1, jpgc-plugins-manager=1.7, jmeter-core=5.4.3, jmeter-ftp=5.4.3, jmeter-http=5.4.3, jmeter-jdbc=5.4.3, jmeter-jms=5.4.3, jmeter-junit=5.4.3, jmeter-java=5.4.3, jmeter-ldap=5.4.3, jmeter-mail=5.4.3, jmeter-mongodb=5.4.3, jmeter-native=5.4.3, jmeter-tcp=5.4.3, jmeter-components=5.4.3]
2022-04-11 11:12:14,227 INFO o.a.j.e.KeyToolUtils: keytool found at 'keytool'
2022-04-11 11:12:14,227 INFO o.a.j.p.h.p.ProxyControl: HTTP(S) Test Script Recorder SSL Proxy will use keys that support embedded 3rd party resources in file C:\Users\vasav\Desktop\JMeter\apache-jmeter-5.4.3\bin\proxyserver.jks
2022-04-11 11:12:34,677 INFO o.a.j.s.FileServer: Default base='C:\Users\vasav\Desktop\JMeter\apache-jmeter-5.4.3\bin'
2022-04-11 11:12:34,677 INFO o.a.j.s.FileServer: Set new base='C:\Users\vasav\Desktop\JMeter\apache-jmeter-5.4.3\bin'
2022-04-11 11:12:34,943 INFO o.a.j.s.SaveService: Testplan (JMX) version: 2.2. Testlog (JTL) version: 2.2
2022-04-11 11:12:34,943 INFO o.a.j.s.SaveService: Using SaveService properties version 5.0
2022-04-11 11:12:34,958 INFO o.a.j.s.SaveService: Using SaveService properties file encoding UTF-8
2022-04-11 11:13:03,243 INFO o.a.j.e.StandardJMeterEngine: Running the test!
2022-04-11 11:13:03,243 INFO o.a.j.s.SampleEvent: List of sample_variables: []
2022-04-11 11:13:03,243 INFO o.a.j.s.SampleEvent: List of sample_variables: []
2022-04-11 11:13:03,243 INFO o.a.j.e.u.CompoundVariable: Note: Function class names must contain the string: '.functions.'
2022-04-11 11:13:03,243 INFO o.a.j.e.u.CompoundVariable: Note: Function class names must not contain the string: '.gui.'
2022-04-11 11:13:03,290 INFO o.a.j.g.u.JMeterMenuBar: setRunning(true, *local*)
2022-04-11 11:13:03,325 INFO o.a.j.e.StandardJMeterEngine: Starting ThreadGroup: 1 : Thread Group
2022-04-11 11:13:03,325 INFO o.a.j.e.StandardJMeterEngine: Starting 1 threads for group Thread Group.
2022-04-11 11:13:03,325 INFO o.a.j.e.StandardJMeterEngine: Thread will continue on error
2022-04-11 11:13:03,325 INFO o.a.j.t.ThreadGroup: Starting thread group... number=1 threads=1 ramp-up=1 delayedStart=false
2022-04-11 11:13:03,341 INFO o.a.j.t.ThreadGroup: Started thread group number 1
2022-04-11 11:13:03,341 INFO o.a.j.e.StandardJMeterEngine: All thread groups have been started
2022-04-11 11:13:03,341 INFO o.a.j.t.JMeterThread: Thread started: Thread Group 1-1
2022-04-11 11:13:03,341 INFO o.a.j.s.SampleResult: Note: Sample TimeStamps are START times
2022-04-11 11:13:03,341 INFO o.a.j.s.SampleResult: sampleresult.default.encoding is set to ISO-8859-1
2022-04-11 11:13:03,341 INFO o.a.j.s.SampleResult: sampleresult.useNanoTime=true
2022-04-11 11:13:03,341 INFO o.a.j.s.SampleResult: sampleresult.nanoThreadSleep=5000
2022-04-11 11:13:03,341 INFO o.a.j.u.BeanShellTestElement: print
2022-04-11 11:13:03,341 INFO o.a.j.t.JMeterThread: Thread is done: Thread Group 1-1
2022-04-11 11:13:03,341 INFO o.a.j.t.JMeterThread: Thread finished: Thread Group 1-1
2022-04-11 11:13:03,341 INFO o.a.j.e.StandardJMeterEngine: Notifying test listeners of end of test
2022-04-11 11:13:03,341 INFO o.a.j.g.u.JMeterMenuBar: setRunning(false, *local*)
